#! /opt/homebrew/Cellar/icarus-verilog/12.0/bin/vvp
:ivl_version "12.0 (stable)";
:ivl_delay_selection "TYPICAL";
:vpi_time_precision - 12;
:vpi_module "/opt/homebrew/Cellar/icarus-verilog/12.0/lib/ivl/system.vpi";
:vpi_module "/opt/homebrew/Cellar/icarus-verilog/12.0/lib/ivl/vhdl_sys.vpi";
:vpi_module "/opt/homebrew/Cellar/icarus-verilog/12.0/lib/ivl/vhdl_textio.vpi";
:vpi_module "/opt/homebrew/Cellar/icarus-verilog/12.0/lib/ivl/v2005_math.vpi";
:vpi_module "/opt/homebrew/Cellar/icarus-verilog/12.0/lib/ivl/va_math.vpi";
:vpi_module "/opt/homebrew/Cellar/icarus-verilog/12.0/lib/ivl/v2009.vpi";
S_0x10f724f30 .scope package, "$unit" "$unit" 2 1;
 .timescale 0 0;
S_0x10f7240e0 .scope module, "gf16_adder_tb" "gf16_adder_tb" 3 6;
 .timescale -9 -12;
v0x10f73d7e0_0 .var "clk", 0 0;
v0x10f73d870_0 .var/i "error_count", 31 0;
v0x10f73d900_0 .var "in_a", 14 0;
v0x10f73d990_0 .var "in_b", 14 0;
v0x10f73da20_0 .net "in_ready", 0 0, L_0x10f740ef0;  1 drivers
v0x10f73daf0_0 .var "in_valid", 0 0;
v0x10f73db80_0 .var "out_ready", 0 0;
v0x10f73dc30_0 .net "out_valid", 0 0, L_0x10f741020;  1 drivers
v0x10f73dce0_0 .net "out_y", 14 0, L_0x10f741150;  1 drivers
v0x10f73de10_0 .var "rst", 0 0;
E_0x10f709250 .event posedge, v0x10f73c870_0;
S_0x10f725270 .scope module, "uut" "gf16_adder" 3 22, 4 13 0, S_0x10f7240e0;
 .timescale -9 -12;
    .port_info 0 /INPUT 1 "clk";
    .port_info 1 /INPUT 1 "rst";
    .port_info 2 /INPUT 1 "in_valid";
    .port_info 3 /INPUT 15 "in_a";
    .port_info 4 /INPUT 15 "in_b";
    .port_info 5 /OUTPUT 1 "in_ready";
    .port_info 6 /OUTPUT 1 "out_valid";
    .port_info 7 /OUTPUT 15 "out_y";
    .port_info 8 /INPUT 1 "out_ready";
L_0x10f73ef10 .functor XNOR 1, L_0x10f73dea0, L_0x10f73e180, C4<0>, C4<0>;
L_0x10f73f0a0 .functor NOT 9, L_0x10f73f290, C4<000000000>, C4<000000000>, C4<000000000>;
L_0x10f73f630 .functor NOT 9, L_0x10f73f800, C4<000000000>, C4<000000000>, C4<000000000>;
L_0x10f740a10 .functor BUFZ 6, L_0x10f740770, C4<000000>, C4<000000>, C4<000000>;
L_0x10f740e80 .functor NOT 1, v0x10f73d660_0, C4<0>, C4<0>, C4<0>;
L_0x10f740ef0 .functor OR 1, L_0x10f740e80, v0x10f73db80_0, C4<0>, C4<0>;
L_0x10f741020 .functor BUFZ 1, v0x10f73d660_0, C4<0>, C4<0>, C4<0>;
L_0x10f741150 .functor BUFZ 15, v0x10f73d5b0_0, C4<000000000000000>, C4<000000000000000>, C4<000000000000000>;
v0x10f709170_0 .net *"_ivl_100", 5 0, L_0x10f740890;  1 drivers
L_0x110078370 .functor BUFT 1, C4<000>, C4<0>, C4<0>, C4<0>;
v0x10f73a4b0_0 .net *"_ivl_103", 2 0, L_0x110078370;  1 drivers
v0x10f73a550_0 .net *"_ivl_104", 5 0, L_0x10f740930;  1 drivers
L_0x1100783b8 .functor BUFT 1, C4<000001>, C4<0>, C4<0>, C4<0>;
v0x10f73a600_0 .net/2u *"_ivl_106", 5 0, L_0x1100783b8;  1 drivers
v0x10f73a6b0_0 .net *"_ivl_116", 0 0, L_0x10f740e80;  1 drivers
L_0x110078010 .functor BUFT 1, C4<1>, C4<0>, C4<0>, C4<0>;
v0x10f73a7a0_0 .net/2u *"_ivl_16", 0 0, L_0x110078010;  1 drivers
L_0x110078058 .functor BUFT 1, C4<1>, C4<0>, C4<0>, C4<0>;
v0x10f73a850_0 .net/2u *"_ivl_20", 0 0, L_0x110078058;  1 drivers
v0x10f73a900_0 .net *"_ivl_24", 8 0, L_0x10f73e8c0;  1 drivers
v0x10f73a9b0_0 .net *"_ivl_28", 8 0, L_0x10f73eb20;  1 drivers
v0x10f73aac0_0 .net *"_ivl_36", 0 0, L_0x10f73ef10;  1 drivers
v0x10f73ab60_0 .net *"_ivl_38", 0 0, L_0x10f73f000;  1 drivers
v0x10f73ac10_0 .net *"_ivl_42", 8 0, L_0x10f73f290;  1 drivers
L_0x1100780a0 .functor BUFT 1, C4<0>, C4<0>, C4<0>, C4<0>;
v0x10f73acc0_0 .net *"_ivl_45", 0 0, L_0x1100780a0;  1 drivers
v0x10f73ad70_0 .net *"_ivl_46", 8 0, L_0x10f73f0a0;  1 drivers
L_0x1100780e8 .functor BUFT 1, C4<000000001>, C4<0>, C4<0>, C4<0>;
v0x10f73ae20_0 .net/2u *"_ivl_48", 8 0, L_0x1100780e8;  1 drivers
v0x10f73aed0_0 .net *"_ivl_50", 8 0, L_0x10f73f450;  1 drivers
v0x10f73af80_0 .net *"_ivl_52", 8 0, L_0x10f73f590;  1 drivers
L_0x110078130 .functor BUFT 1, C4<0>, C4<0>, C4<0>, C4<0>;
v0x10f73b110_0 .net *"_ivl_55", 0 0, L_0x110078130;  1 drivers
v0x10f73b1a0_0 .net *"_ivl_58", 8 0, L_0x10f73f800;  1 drivers
L_0x110078178 .functor BUFT 1, C4<0>, C4<0>, C4<0>, C4<0>;
v0x10f73b250_0 .net *"_ivl_61", 0 0, L_0x110078178;  1 drivers
v0x10f73b300_0 .net *"_ivl_62", 8 0, L_0x10f73f630;  1 drivers
L_0x1100781c0 .functor BUFT 1, C4<000000001>, C4<0>, C4<0>, C4<0>;
v0x10f73b3b0_0 .net/2u *"_ivl_64", 8 0, L_0x1100781c0;  1 drivers
v0x10f73b460_0 .net *"_ivl_66", 8 0, L_0x10f73f9e0;  1 drivers
v0x10f73b510_0 .net *"_ivl_68", 8 0, L_0x10f73fb20;  1 drivers
L_0x110078208 .functor BUFT 1, C4<0>, C4<0>, C4<0>, C4<0>;
v0x10f73b5c0_0 .net *"_ivl_71", 0 0, L_0x110078208;  1 drivers
v0x10f73b670_0 .net *"_ivl_77", 0 0, L_0x10f73ffb0;  1 drivers
L_0x110078250 .functor BUFT 1, C4<000>, C4<0>, C4<0>, C4<0>;
v0x10f73b720_0 .net/2u *"_ivl_78", 2 0, L_0x110078250;  1 drivers
v0x10f73b7d0_0 .net *"_ivl_81", 0 0, L_0x10f740050;  1 drivers
L_0x110078298 .functor BUFT 1, C4<001>, C4<0>, C4<0>, C4<0>;
v0x10f73b880_0 .net/2u *"_ivl_82", 2 0, L_0x110078298;  1 drivers
v0x10f73b930_0 .net *"_ivl_85", 0 0, L_0x10f73fed0;  1 drivers
L_0x1100782e0 .functor BUFT 1, C4<010>, C4<0>, C4<0>, C4<0>;
v0x10f73b9e0_0 .net/2u *"_ivl_86", 2 0, L_0x1100782e0;  1 drivers
L_0x110078328 .functor BUFT 1, C4<011>, C4<0>, C4<0>, C4<0>;
v0x10f73ba90_0 .net/2u *"_ivl_88", 2 0, L_0x110078328;  1 drivers
v0x10f73bb40_0 .net *"_ivl_90", 2 0, L_0x10f740260;  1 drivers
v0x10f73b030_0 .net *"_ivl_92", 2 0, L_0x10f7400f0;  1 drivers
v0x10f73bdd0_0 .net *"_ivl_98", 5 0, L_0x10f7406d0;  1 drivers
v0x10f73be60_0 .net "a_exp", 5 0, L_0x10f73df80;  1 drivers
v0x10f73bf00_0 .net "a_larger", 0 0, L_0x10f73e590;  1 drivers
v0x10f73bfa0_0 .net "a_mant", 7 0, L_0x10f73e020;  1 drivers
v0x10f73c050_0 .net "a_mant_aligned", 7 0, L_0x10f73ed50;  1 drivers
v0x10f73c100_0 .net "a_mant_ext", 8 0, L_0x10f73e630;  1 drivers
v0x10f73c1b0_0 .net "a_mant_signed", 8 0, L_0x10f73f720;  1 drivers
v0x10f73c260_0 .net "a_shifted", 8 0, L_0x10f73ea40;  1 drivers
v0x10f73c310_0 .net "a_sign", 0 0, L_0x10f73dea0;  1 drivers
v0x10f73c3b0_0 .net "b_exp", 5 0, L_0x10f73e260;  1 drivers
v0x10f73c460_0 .net "b_mant", 7 0, L_0x10f73e330;  1 drivers
v0x10f73c510_0 .net "b_mant_aligned", 7 0, L_0x10f73ee70;  1 drivers
v0x10f73c5c0_0 .net "b_mant_ext", 8 0, L_0x10f73e7a0;  1 drivers
v0x10f73c670_0 .net "b_mant_signed", 8 0, L_0x10f73f8e0;  1 drivers
v0x10f73c720_0 .net "b_shifted", 8 0, L_0x10f73ec30;  1 drivers
v0x10f73c7d0_0 .net "b_sign", 0 0, L_0x10f73e180;  1 drivers
v0x10f73c870_0 .net "clk", 0 0, v0x10f73d7e0_0;  1 drivers
v0x10f73c910_0 .net "exp_diff", 5 0, L_0x10f73e450;  1 drivers
v0x10f73c9c0_0 .net "exp_final", 5 0, L_0x10f740a10;  1 drivers
v0x10f73ca70_0 .net "exp_normalized", 5 0, L_0x10f740770;  1 drivers
v0x10f73cb20_0 .net "in_a", 14 0, v0x10f73d900_0;  1 drivers
v0x10f73cbd0_0 .net "in_b", 14 0, v0x10f73d990_0;  1 drivers
v0x10f73cc80_0 .net "in_ready", 0 0, L_0x10f740ef0;  alias, 1 drivers
v0x10f73cd20_0 .net "in_valid", 0 0, v0x10f73daf0_0;  1 drivers
v0x10f73cdc0_0 .net "mant_final", 7 0, L_0x10f740ba0;  1 drivers
v0x10f73ce70_0 .net "mant_normalized", 8 0, L_0x10f740630;  1 drivers
v0x10f73cf20_0 .net "mant_sum_raw", 8 0, L_0x10f73fd90;  1 drivers
v0x10f73cfd0_0 .net "out_ready", 0 0, v0x10f73db80_0;  1 drivers
v0x10f73d070_0 .net "out_valid", 0 0, L_0x10f741020;  alias, 1 drivers
v0x10f73d110_0 .net "out_y", 14 0, L_0x10f741150;  alias, 1 drivers
v0x10f73d1c0_0 .net "result_packed", 14 0, L_0x10f740ac0;  1 drivers
v0x10f73bbf0_0 .net "result_sign", 0 0, L_0x10f73f130;  1 drivers
v0x10f73bc90_0 .net "rst", 0 0, v0x10f73de10_0;  1 drivers
v0x10f73bd30_0 .net "shift_amount", 2 0, L_0x10f740480;  1 drivers
v0x10f73d260_0 .var "stage1_reg_a", 14 0;
v0x10f73d310_0 .var "stage1_reg_b", 14 0;
v0x10f73d3c0_0 .var "stage1_valid", 0 0;
v0x10f73d460_0 .var "stage2_reg", 14 0;
v0x10f73d510_0 .var "stage2_valid", 0 0;
v0x10f73d5b0_0 .var "stage3_reg", 14 0;
v0x10f73d660_0 .var "stage3_valid", 0 0;
E_0x10f708180 .event posedge, v0x10f73bc90_0, v0x10f73c870_0;
L_0x10f73dea0 .part v0x10f73d900_0, 14, 1;
L_0x10f73df80 .part v0x10f73d900_0, 8, 6;
L_0x10f73e020 .part v0x10f73d900_0, 0, 8;
L_0x10f73e180 .part v0x10f73d990_0, 14, 1;
L_0x10f73e260 .part v0x10f73d990_0, 8, 6;
L_0x10f73e330 .part v0x10f73d990_0, 0, 8;
L_0x10f73e450 .arith/sub 6, L_0x10f73df80, L_0x10f73e260;
L_0x10f73e590 .cmp/ge 6, L_0x10f73df80, L_0x10f73e260;
L_0x10f73e630 .concat [ 8 1 0 0], L_0x10f73e020, L_0x110078010;
L_0x10f73e7a0 .concat [ 8 1 0 0], L_0x10f73e330, L_0x110078058;
L_0x10f73e8c0 .shift/r 9, L_0x10f73e7a0, L_0x10f73e450;
L_0x10f73ea40 .functor MUXZ 9, L_0x10f73e8c0, L_0x10f73e630, L_0x10f73e590, C4<>;
L_0x10f73eb20 .shift/r 9, L_0x10f73e7a0, L_0x10f73e450;
L_0x10f73ec30 .functor MUXZ 9, L_0x10f73e7a0, L_0x10f73eb20, L_0x10f73e590, C4<>;
L_0x10f73ed50 .part L_0x10f73ea40, 1, 8;
L_0x10f73ee70 .part L_0x10f73ec30, 1, 8;
L_0x10f73f000 .functor MUXZ 1, L_0x10f73e180, L_0x10f73dea0, L_0x10f73e590, C4<>;
L_0x10f73f130 .functor MUXZ 1, L_0x10f73f000, L_0x10f73dea0, L_0x10f73ef10, C4<>;
L_0x10f73f290 .concat [ 8 1 0 0], L_0x10f73ed50, L_0x1100780a0;
L_0x10f73f450 .arith/sum 9, L_0x10f73f0a0, L_0x1100780e8;
L_0x10f73f590 .concat [ 8 1 0 0], L_0x10f73ed50, L_0x110078130;
L_0x10f73f720 .functor MUXZ 9, L_0x10f73f590, L_0x10f73f450, L_0x10f73dea0, C4<>;
L_0x10f73f800 .concat [ 8 1 0 0], L_0x10f73ee70, L_0x110078178;
L_0x10f73f9e0 .arith/sum 9, L_0x10f73f630, L_0x1100781c0;
L_0x10f73fb20 .concat [ 8 1 0 0], L_0x10f73ee70, L_0x110078208;
L_0x10f73f8e0 .functor MUXZ 9, L_0x10f73fb20, L_0x10f73f9e0, L_0x10f73e180, C4<>;
L_0x10f73fd90 .arith/sum 9, L_0x10f73f720, L_0x10f73f8e0;
L_0x10f73ffb0 .part L_0x10f73fd90, 8, 1;
L_0x10f740050 .part L_0x10f73fd90, 7, 1;
L_0x10f73fed0 .part L_0x10f73fd90, 6, 1;
L_0x10f740260 .functor MUXZ 3, L_0x110078328, L_0x1100782e0, L_0x10f73fed0, C4<>;
L_0x10f7400f0 .functor MUXZ 3, L_0x10f740260, L_0x110078298, L_0x10f740050, C4<>;
L_0x10f740480 .functor MUXZ 3, L_0x10f7400f0, L_0x110078250, L_0x10f73ffb0, C4<>;
L_0x10f740630 .shift/l 9, L_0x10f73fd90, L_0x10f740480;
L_0x10f7406d0 .functor MUXZ 6, L_0x10f73e260, L_0x10f73df80, L_0x10f73e590, C4<>;
L_0x10f740890 .concat [ 3 3 0 0], L_0x10f740480, L_0x110078370;
L_0x10f740930 .arith/sub 6, L_0x10f7406d0, L_0x10f740890;
L_0x10f740770 .arith/sum 6, L_0x10f740930, L_0x1100783b8;
L_0x10f740ba0 .part L_0x10f740630, 1, 8;
L_0x10f740ac0 .concat [ 8 6 1 0], L_0x10f740ba0, L_0x10f740a10, L_0x10f73f130;
    .scope S_0x10f725270;
T_0 ;
    %wait E_0x10f708180;
    %load/vec4 v0x10f73bc90_0;
    %flag_set/vec4 8;
    %jmp/0xz  T_0.0, 8;
    %pushi/vec4 0, 0, 15;
    %assign/vec4 v0x10f73d260_0, 0;
    %pushi/vec4 0, 0, 15;
    %assign/vec4 v0x10f73d310_0, 0;
    %pushi/vec4 0, 0, 15;
    %assign/vec4 v0x10f73d460_0, 0;
    %pushi/vec4 0, 0, 15;
    %assign/vec4 v0x10f73d5b0_0, 0;
    %pushi/vec4 0, 0, 1;
    %assign/vec4 v0x10f73d3c0_0, 0;
    %pushi/vec4 0, 0, 1;
    %assign/vec4 v0x10f73d510_0, 0;
    %pushi/vec4 0, 0, 1;
    %assign/vec4 v0x10f73d660_0, 0;
    %jmp T_0.1;
T_0.0 ;
    %load/vec4 v0x10f73cb20_0;
    %assign/vec4 v0x10f73d260_0, 0;
    %load/vec4 v0x10f73cbd0_0;
    %assign/vec4 v0x10f73d310_0, 0;
    %load/vec4 v0x10f73cd20_0;
    %assign/vec4 v0x10f73d3c0_0, 0;
    %load/vec4 v0x10f73d3c0_0;
    %flag_set/vec4 8;
    %jmp/0xz  T_0.2, 8;
    %load/vec4 v0x10f73d1c0_0;
    %assign/vec4 v0x10f73d460_0, 0;
    %pushi/vec4 1, 0, 1;
    %assign/vec4 v0x10f73d510_0, 0;
T_0.2 ;
    %load/vec4 v0x10f73d510_0;
    %flag_set/vec4 8;
    %jmp/0xz  T_0.4, 8;
    %load/vec4 v0x10f73d1c0_0;
    %assign/vec4 v0x10f73d5b0_0, 0;
    %pushi/vec4 1, 0, 1;
    %assign/vec4 v0x10f73d660_0, 0;
T_0.4 ;
T_0.1 ;
    %jmp T_0;
    .thread T_0;
    .scope S_0x10f7240e0;
T_1 ;
    %pushi/vec4 0, 0, 1;
    %store/vec4 v0x10f73d7e0_0, 0, 1;
T_1.0 ;
    %delay 5000, 0;
    %load/vec4 v0x10f73d7e0_0;
    %inv;
    %store/vec4 v0x10f73d7e0_0, 0, 1;
    %jmp T_1.0;
    %end;
    .thread T_1;
    .scope S_0x10f7240e0;
T_2 ;
    %pushi/vec4 0, 0, 32;
    %store/vec4 v0x10f73d870_0, 0, 32;
    %vpi_call/w 3 43 "$display", "\012\012========================================" {0 0 0};
    %vpi_call/w 3 44 "$display", "  GF16 Adder Testbench" {0 0 0};
    %vpi_call/w 3 45 "$display", "========================================\012" {0 0 0};
    %pushi/vec4 1, 0, 1;
    %store/vec4 v0x10f73de10_0, 0, 1;
    %wait E_0x10f709250;
    %pushi/vec4 0, 0, 1;
    %store/vec4 v0x10f73de10_0, 0, 1;
    %wait E_0x10f709250;
    %vpi_call/w 3 54 "$display", "\012Test 1: 0 + 0 = 0" {0 0 0};
    %pushi/vec4 1, 0, 1;
    %store/vec4 v0x10f73daf0_0, 0, 1;
    %pushi/vec4 0, 0, 15;
    %store/vec4 v0x10f73d900_0, 0, 15;
    %pushi/vec4 0, 0, 15;
    %store/vec4 v0x10f73d990_0, 0, 15;
    %wait E_0x10f709250;
    %wait E_0x10f709250;
    %load/vec4 v0x10f73dce0_0;
    %parti/s 1, 14, 5;
    %cmpi/e 0, 0, 1;
    %jmp/0xz  T_2.0, 4;
    %vpi_call/w 3 60 "$display", "  PASS: sign = 0" {0 0 0};
    %jmp T_2.1;
T_2.0 ;
    %vpi_call/w 3 61 "$display", "  FAIL: sign = %b", &PV<v0x10f73dce0_0, 14, 1> {0 0 0};
T_2.1 ;
    %vpi_call/w 3 64 "$display", "\012Test 2: +1 + 0 = +1" {0 0 0};
    %pushi/vec4 513, 0, 15;
    %store/vec4 v0x10f73d900_0, 0, 15;
    %pushi/vec4 0, 0, 15;
    %store/vec4 v0x10f73d990_0, 0, 15;
    %wait E_0x10f709250;
    %wait E_0x10f709250;
    %load/vec4 v0x10f73dce0_0;
    %parti/s 1, 14, 5;
    %cmpi/e 0, 0, 1;
    %jmp/0xz  T_2.2, 4;
    %vpi_call/w 3 69 "$display", "  PASS: sign = 0" {0 0 0};
    %jmp T_2.3;
T_2.2 ;
    %vpi_call/w 3 70 "$display", "  FAIL: sign = %b", &PV<v0x10f73dce0_0, 14, 1> {0 0 0};
T_2.3 ;
    %vpi_call/w 3 73 "$display", "\012Test 3: -1 + 0 = -1" {0 0 0};
    %pushi/vec4 16897, 0, 15;
    %store/vec4 v0x10f73d900_0, 0, 15;
    %pushi/vec4 0, 0, 15;
    %store/vec4 v0x10f73d990_0, 0, 15;
    %wait E_0x10f709250;
    %wait E_0x10f709250;
    %load/vec4 v0x10f73dce0_0;
    %parti/s 1, 14, 5;
    %cmpi/e 1, 0, 1;
    %jmp/0xz  T_2.4, 4;
    %vpi_call/w 3 78 "$display", "  PASS: sign = 1" {0 0 0};
    %jmp T_2.5;
T_2.4 ;
    %vpi_call/w 3 79 "$display", "  FAIL: sign = %b", &PV<v0x10f73dce0_0, 14, 1> {0 0 0};
T_2.5 ;
    %vpi_call/w 3 82 "$display", "\012Test 4: +1 + (-1) = 0" {0 0 0};
    %pushi/vec4 513, 0, 15;
    %store/vec4 v0x10f73d900_0, 0, 15;
    %pushi/vec4 16897, 0, 15;
    %store/vec4 v0x10f73d990_0, 0, 15;
    %wait E_0x10f709250;
    %wait E_0x10f709250;
    %load/vec4 v0x10f73dce0_0;
    %parti/s 1, 14, 5;
    %cmpi/e 0, 0, 1;
    %jmp/0xz  T_2.6, 4;
    %vpi_call/w 3 87 "$display", "  PASS: sign = 0" {0 0 0};
    %jmp T_2.7;
T_2.6 ;
    %vpi_call/w 3 88 "$display", "  FAIL: sign = %b", &PV<v0x10f73dce0_0, 14, 1> {0 0 0};
T_2.7 ;
    %vpi_call/w 3 91 "$display", "\012Test 5: same exp, add mantissas" {0 0 0};
    %pushi/vec4 514, 0, 15;
    %store/vec4 v0x10f73d900_0, 0, 15;
    %pushi/vec4 516, 0, 15;
    %store/vec4 v0x10f73d990_0, 0, 15;
    %wait E_0x10f709250;
    %wait E_0x10f709250;
    %load/vec4 v0x10f73dce0_0;
    %parti/s 1, 14, 5;
    %cmpi/e 0, 0, 1;
    %jmp/0xz  T_2.8, 4;
    %vpi_call/w 3 96 "$display", "  PASS: sign = 0" {0 0 0};
    %jmp T_2.9;
T_2.8 ;
    %vpi_call/w 3 97 "$display", "  FAIL: sign = %b", &PV<v0x10f73dce0_0, 14, 1> {0 0 0};
T_2.9 ;
    %delay 50000, 0;
    %vpi_call/w 3 101 "$display", "\012\012========================================" {0 0 0};
    %vpi_call/w 3 102 "$display", "  Test Summary" {0 0 0};
    %vpi_call/w 3 103 "$display", "========================================" {0 0 0};
    %pushi/vec4 5, 0, 32;
    %load/vec4 v0x10f73d870_0;
    %sub;
    %vpi_call/w 3 104 "$display", "Tests Passed: %0d", S<0,vec4,s32> {1 0 0};
    %vpi_call/w 3 105 "$display", "Tests Failed: %0d", v0x10f73d870_0 {0 0 0};
    %load/vec4 v0x10f73d870_0;
    %cmpi/e 0, 0, 32;
    %jmp/0xz  T_2.10, 4;
    %vpi_call/w 3 107 "$display", "  *** ALL TESTS PASSED ***\012" {0 0 0};
    %jmp T_2.11;
T_2.10 ;
    %vpi_call/w 3 109 "$display", "  *** %0d TEST(S) FAILED ***\012", v0x10f73d870_0 {0 0 0};
T_2.11 ;
    %delay 100000, 0;
    %vpi_call/w 3 113 "$finish" {0 0 0};
    %end;
    .thread T_2;
# The file index is used to find the file name in the following table.
:file_names 5;
    "N/A";
    "<interactive>";
    "-";
    "tb/gf16_adder_tb.v";
    "gf16_adder.v";
