#! /opt/homebrew/Cellar/icarus-verilog/12.0/bin/vvp
:ivl_version "12.0 (stable)";
:ivl_delay_selection "TYPICAL";
:vpi_time_precision - 12;
:vpi_module "/opt/homebrew/Cellar/icarus-verilog/12.0/lib/ivl/system.vpi";
:vpi_module "/opt/homebrew/Cellar/icarus-verilog/12.0/lib/ivl/vhdl_sys.vpi";
:vpi_module "/opt/homebrew/Cellar/icarus-verilog/12.0/lib/ivl/vhdl_textio.vpi";
:vpi_module "/opt/homebrew/Cellar/icarus-verilog/12.0/lib/ivl/v2005_math.vpi";
:vpi_module "/opt/homebrew/Cellar/icarus-verilog/12.0/lib/ivl/va_math.vpi";
:vpi_module "/opt/homebrew/Cellar/icarus-verilog/12.0/lib/ivl/v2009.vpi";
S_0x154004290 .scope package, "$unit" "$unit" 2 1;
 .timescale 0 0;
S_0x154004400 .scope module, "gf16_multiplier_tb" "gf16_multiplier_tb" 3 6;
 .timescale -9 -12;
v0x154018f20_0 .var "clk", 0 0;
v0x154018fb0_0 .var/i "error_count", 31 0;
v0x154019040_0 .var "in_a", 14 0;
v0x1540190d0_0 .var "in_b", 14 0;
v0x154019160_0 .net "in_ready", 0 0, L_0x1541084d0;  1 drivers
v0x154019230_0 .var "in_valid", 0 0;
v0x1540192c0_0 .var "out_ready", 0 0;
v0x154019370_0 .net "out_valid", 0 0, L_0x154108100;  1 drivers
v0x154019420_0 .net "out_y", 14 0, L_0x154108690;  1 drivers
v0x154019550_0 .var "rst", 0 0;
E_0x154004570 .event posedge, v0x154017cc0_0;
S_0x154006cf0 .scope module, "uut" "gf16_multiplier" 3 22, 4 18 0, S_0x154004400;
 .timescale -9 -12;
    .port_info 0 /INPUT 1 "clk";
    .port_info 1 /INPUT 1 "rst";
    .port_info 2 /INPUT 1 "in_valid";
    .port_info 3 /INPUT 15 "in_a";
    .port_info 4 /INPUT 15 "in_b";
    .port_info 5 /OUTPUT 1 "in_ready";
    .port_info 6 /OUTPUT 1 "out_valid";
    .port_info 7 /OUTPUT 15 "out_y";
    .port_info 8 /INPUT 1 "out_ready";
L_0x154019b90 .functor XOR 1, L_0x1540195e0, L_0x1540198c0, C4<0>, C4<0>;
L_0x154108170 .functor BUFZ 6, L_0x154107fc0, C4<000000>, C4<000000>, C4<000000>;
L_0x154108440 .functor NOT 1, v0x154018da0_0, C4<0>, C4<0>, C4<0>;
L_0x1541084d0 .functor OR 1, L_0x154108440, v0x1540192c0_0, C4<0>, C4<0>;
L_0x154108100 .functor BUFZ 1, v0x154018da0_0, C4<0>, C4<0>, C4<0>;
L_0x154108690 .functor BUFZ 15, v0x154018cf0_0, C4<000000000000000>, C4<000000000000000>, C4<000000000000000>;
L_0x158078010 .functor BUFT 1, C4<0>, C4<0>, C4<0>, C4<0>;
v0x1540059b0_0 .net/2u *"_ivl_14", 0 0, L_0x158078010;  1 drivers
v0x154016b10_0 .net *"_ivl_16", 6 0, L_0x154106e70;  1 drivers
L_0x158078058 .functor BUFT 1, C4<0>, C4<0>, C4<0>, C4<0>;
v0x154016bb0_0 .net/2u *"_ivl_18", 0 0, L_0x158078058;  1 drivers
v0x154016c60_0 .net *"_ivl_20", 6 0, L_0x154107030;  1 drivers
L_0x1580780a0 .functor BUFT 1, C4<1>, C4<0>, C4<0>, C4<0>;
v0x154016d10_0 .net/2u *"_ivl_24", 0 0, L_0x1580780a0;  1 drivers
L_0x1580780e8 .functor BUFT 1, C4<1>, C4<0>, C4<0>, C4<0>;
v0x154016e00_0 .net/2u *"_ivl_28", 0 0, L_0x1580780e8;  1 drivers
v0x154016eb0_0 .net *"_ivl_32", 17 0, L_0x1541075a0;  1 drivers
L_0x158078130 .functor BUFT 1, C4<000000000>, C4<0>, C4<0>, C4<0>;
v0x154016f60_0 .net *"_ivl_35", 8 0, L_0x158078130;  1 drivers
v0x154017010_0 .net *"_ivl_36", 17 0, L_0x1541076e0;  1 drivers
L_0x158078178 .functor BUFT 1, C4<000000000>, C4<0>, C4<0>, C4<0>;
v0x154017120_0 .net *"_ivl_39", 8 0, L_0x158078178;  1 drivers
v0x1540171d0_0 .net *"_ivl_45", 15 0, L_0x154107ab0;  1 drivers
v0x154017280_0 .net *"_ivl_47", 15 0, L_0x154107b50;  1 drivers
v0x154017330_0 .net *"_ivl_51", 5 0, L_0x154107da0;  1 drivers
L_0x1580781c0 .functor BUFT 1, C4<000001>, C4<0>, C4<0>, C4<0>;
v0x1540173e0_0 .net/2u *"_ivl_52", 5 0, L_0x1580781c0;  1 drivers
L_0x158078208 .functor BUFT 1, C4<000000>, C4<0>, C4<0>, C4<0>;
v0x154017490_0 .net/2u *"_ivl_54", 5 0, L_0x158078208;  1 drivers
v0x154017540_0 .net *"_ivl_56", 5 0, L_0x154107ee0;  1 drivers
v0x1540175f0_0 .net *"_ivl_66", 0 0, L_0x154108440;  1 drivers
v0x154017780_0 .net "a_exp", 5 0, L_0x1540196c0;  1 drivers
v0x154017810_0 .net "a_mant", 7 0, L_0x154019760;  1 drivers
v0x1540178c0_0 .net "a_mant_ext", 8 0, L_0x154107300;  1 drivers
v0x154017970_0 .net "a_sign", 0 0, L_0x1540195e0;  1 drivers
v0x154017a10_0 .net "b_exp", 5 0, L_0x1540199a0;  1 drivers
v0x154017ac0_0 .net "b_mant", 7 0, L_0x154019a70;  1 drivers
v0x154017b70_0 .net "b_mant_ext", 8 0, L_0x154107420;  1 drivers
v0x154017c20_0 .net "b_sign", 0 0, L_0x1540198c0;  1 drivers
v0x154017cc0_0 .net "clk", 0 0, v0x154018f20_0;  1 drivers
v0x154017d60_0 .net "exp_final", 5 0, L_0x154108170;  1 drivers
v0x154017e10_0 .net "exp_normalized", 5 0, L_0x154107fc0;  1 drivers
v0x154017ec0_0 .net "exp_sum", 6 0, L_0x154107170;  1 drivers
v0x154017f70_0 .net "in_a", 14 0, v0x154019040_0;  1 drivers
v0x154018020_0 .net "in_b", 14 0, v0x1540190d0_0;  1 drivers
v0x1540180d0_0 .net "in_ready", 0 0, L_0x1541084d0;  alias, 1 drivers
v0x154018170_0 .net "in_valid", 0 0, v0x154019230_0;  1 drivers
v0x154017690_0 .net "mant_final", 7 0, L_0x154107e40;  1 drivers
v0x154018400_0 .net "mant_normalized", 15 0, L_0x154107d00;  1 drivers
v0x154018490_0 .net "mant_product", 17 0, L_0x154107870;  1 drivers
v0x154018520_0 .net "out_ready", 0 0, v0x1540192c0_0;  1 drivers
v0x1540185c0_0 .net "out_valid", 0 0, L_0x154108100;  alias, 1 drivers
v0x154018660_0 .net "out_y", 14 0, L_0x154108690;  alias, 1 drivers
v0x154018710_0 .net "overflow", 0 0, L_0x154107950;  1 drivers
v0x1540187b0_0 .net "result_packed", 14 0, L_0x154108220;  1 drivers
v0x154018860_0 .net "result_sign", 0 0, L_0x154019b90;  1 drivers
v0x154018900_0 .net "rst", 0 0, v0x154019550_0;  1 drivers
v0x1540189a0_0 .var "stage1_reg_a", 14 0;
v0x154018a50_0 .var "stage1_reg_b", 14 0;
v0x154018b00_0 .var "stage1_valid", 0 0;
v0x154018ba0_0 .var "stage2_reg", 14 0;
v0x154018c50_0 .var "stage2_valid", 0 0;
v0x154018cf0_0 .var "stage3_reg", 14 0;
v0x154018da0_0 .var "stage3_valid", 0 0;
E_0x1540055e0 .event posedge, v0x154018900_0, v0x154017cc0_0;
L_0x1540195e0 .part v0x154019040_0, 14, 1;
L_0x1540196c0 .part v0x154019040_0, 8, 6;
L_0x154019760 .part v0x154019040_0, 0, 8;
L_0x1540198c0 .part v0x1540190d0_0, 14, 1;
L_0x1540199a0 .part v0x1540190d0_0, 8, 6;
L_0x154019a70 .part v0x1540190d0_0, 0, 8;
L_0x154106e70 .concat [ 6 1 0 0], L_0x1540196c0, L_0x158078010;
L_0x154107030 .concat [ 6 1 0 0], L_0x1540199a0, L_0x158078058;
L_0x154107170 .arith/sum 7, L_0x154106e70, L_0x154107030;
L_0x154107300 .concat [ 8 1 0 0], L_0x154019760, L_0x1580780a0;
L_0x154107420 .concat [ 8 1 0 0], L_0x154019a70, L_0x1580780e8;
L_0x1541075a0 .concat [ 9 9 0 0], L_0x154107300, L_0x158078130;
L_0x1541076e0 .concat [ 9 9 0 0], L_0x154107420, L_0x158078178;
L_0x154107870 .arith/mult 18, L_0x1541075a0, L_0x1541076e0;
L_0x154107950 .part L_0x154107870, 17, 1;
L_0x154107ab0 .part L_0x154107870, 2, 16;
L_0x154107b50 .part L_0x154107870, 1, 16;
L_0x154107d00 .functor MUXZ 16, L_0x154107b50, L_0x154107ab0, L_0x154107950, C4<>;
L_0x154107da0 .part L_0x154107170, 1, 6;
L_0x154107ee0 .functor MUXZ 6, L_0x158078208, L_0x1580781c0, L_0x154107950, C4<>;
L_0x154107fc0 .arith/sum 6, L_0x154107da0, L_0x154107ee0;
L_0x154107e40 .part L_0x154107d00, 8, 8;
L_0x154108220 .concat [ 8 6 1 0], L_0x154107e40, L_0x154108170, L_0x154019b90;
    .scope S_0x154006cf0;
T_0 ;
    %wait E_0x1540055e0;
    %load/vec4 v0x154018900_0;
    %flag_set/vec4 8;
    %jmp/0xz  T_0.0, 8;
    %pushi/vec4 0, 0, 15;
    %assign/vec4 v0x1540189a0_0, 0;
    %pushi/vec4 0, 0, 15;
    %assign/vec4 v0x154018a50_0, 0;
    %pushi/vec4 0, 0, 15;
    %assign/vec4 v0x154018ba0_0, 0;
    %pushi/vec4 0, 0, 15;
    %assign/vec4 v0x154018cf0_0, 0;
    %pushi/vec4 0, 0, 1;
    %assign/vec4 v0x154018b00_0, 0;
    %pushi/vec4 0, 0, 1;
    %assign/vec4 v0x154018c50_0, 0;
    %pushi/vec4 0, 0, 1;
    %assign/vec4 v0x154018da0_0, 0;
    %jmp T_0.1;
T_0.0 ;
    %load/vec4 v0x154017f70_0;
    %assign/vec4 v0x1540189a0_0, 0;
    %load/vec4 v0x154018020_0;
    %assign/vec4 v0x154018a50_0, 0;
    %load/vec4 v0x154018170_0;
    %assign/vec4 v0x154018b00_0, 0;
    %load/vec4 v0x154018b00_0;
    %flag_set/vec4 8;
    %jmp/0xz  T_0.2, 8;
    %load/vec4 v0x1540187b0_0;
    %assign/vec4 v0x154018ba0_0, 0;
    %pushi/vec4 1, 0, 1;
    %assign/vec4 v0x154018c50_0, 0;
T_0.2 ;
    %load/vec4 v0x154018c50_0;
    %flag_set/vec4 8;
    %jmp/0xz  T_0.4, 8;
    %load/vec4 v0x1540187b0_0;
    %assign/vec4 v0x154018cf0_0, 0;
    %pushi/vec4 1, 0, 1;
    %assign/vec4 v0x154018da0_0, 0;
T_0.4 ;
T_0.1 ;
    %jmp T_0;
    .thread T_0;
    .scope S_0x154004400;
T_1 ;
    %pushi/vec4 0, 0, 1;
    %store/vec4 v0x154018f20_0, 0, 1;
T_1.0 ;
    %delay 5000, 0;
    %load/vec4 v0x154018f20_0;
    %inv;
    %store/vec4 v0x154018f20_0, 0, 1;
    %jmp T_1.0;
    %end;
    .thread T_1;
    .scope S_0x154004400;
T_2 ;
    %pushi/vec4 0, 0, 32;
    %store/vec4 v0x154018fb0_0, 0, 32;
    %vpi_call/w 3 43 "$display", "\012\012========================================" {0 0 0};
    %vpi_call/w 3 44 "$display", "  GF16 Multiplier Testbench" {0 0 0};
    %vpi_call/w 3 45 "$display", "========================================\012" {0 0 0};
    %pushi/vec4 1, 0, 1;
    %store/vec4 v0x154019550_0, 0, 1;
    %wait E_0x154004570;
    %pushi/vec4 0, 0, 1;
    %store/vec4 v0x154019550_0, 0, 1;
    %wait E_0x154004570;
    %vpi_call/w 3 54 "$display", "\012Test 1: 0 \303\227 0 = 0" {0 0 0};
    %pushi/vec4 1, 0, 1;
    %store/vec4 v0x154019230_0, 0, 1;
    %pushi/vec4 0, 0, 15;
    %store/vec4 v0x154019040_0, 0, 15;
    %pushi/vec4 0, 0, 15;
    %store/vec4 v0x1540190d0_0, 0, 15;
    %wait E_0x154004570;
    %wait E_0x154004570;
    %load/vec4 v0x154019420_0;
    %parti/s 1, 14, 5;
    %cmpi/e 0, 0, 1;
    %jmp/0xz  T_2.0, 4;
    %vpi_call/w 3 60 "$display", "  PASS: sign = 0" {0 0 0};
    %jmp T_2.1;
T_2.0 ;
    %vpi_call/w 3 61 "$display", "  FAIL: sign = %b", &PV<v0x154019420_0, 14, 1> {0 0 0};
T_2.1 ;
    %vpi_call/w 3 64 "$display", "\012Test 2: +1 \303\227 0 = 0" {0 0 0};
    %pushi/vec4 513, 0, 15;
    %store/vec4 v0x154019040_0, 0, 15;
    %pushi/vec4 0, 0, 15;
    %store/vec4 v0x1540190d0_0, 0, 15;
    %wait E_0x154004570;
    %wait E_0x154004570;
    %load/vec4 v0x154019420_0;
    %parti/s 1, 14, 5;
    %cmpi/e 0, 0, 1;
    %jmp/0xz  T_2.2, 4;
    %vpi_call/w 3 69 "$display", "  PASS: sign = 0" {0 0 0};
    %jmp T_2.3;
T_2.2 ;
    %vpi_call/w 3 70 "$display", "  FAIL: sign = %b", &PV<v0x154019420_0, 14, 1> {0 0 0};
T_2.3 ;
    %vpi_call/w 3 73 "$display", "\012Test 3: +1 \303\227 +1 = +1" {0 0 0};
    %pushi/vec4 513, 0, 15;
    %store/vec4 v0x154019040_0, 0, 15;
    %pushi/vec4 513, 0, 15;
    %store/vec4 v0x1540190d0_0, 0, 15;
    %wait E_0x154004570;
    %wait E_0x154004570;
    %load/vec4 v0x154019420_0;
    %parti/s 1, 14, 5;
    %cmpi/e 0, 0, 1;
    %jmp/0xz  T_2.4, 4;
    %vpi_call/w 3 78 "$display", "  PASS: sign = 0" {0 0 0};
    %jmp T_2.5;
T_2.4 ;
    %vpi_call/w 3 79 "$display", "  FAIL: sign = %b", &PV<v0x154019420_0, 14, 1> {0 0 0};
T_2.5 ;
    %vpi_call/w 3 82 "$display", "\012Test 4: +1 \303\227 -1 = -1" {0 0 0};
    %pushi/vec4 513, 0, 15;
    %store/vec4 v0x154019040_0, 0, 15;
    %pushi/vec4 16897, 0, 15;
    %store/vec4 v0x1540190d0_0, 0, 15;
    %wait E_0x154004570;
    %wait E_0x154004570;
    %load/vec4 v0x154019420_0;
    %parti/s 1, 14, 5;
    %cmpi/e 1, 0, 1;
    %jmp/0xz  T_2.6, 4;
    %vpi_call/w 3 87 "$display", "  PASS: sign = 1" {0 0 0};
    %jmp T_2.7;
T_2.6 ;
    %vpi_call/w 3 88 "$display", "  FAIL: sign = %b", &PV<v0x154019420_0, 14, 1> {0 0 0};
T_2.7 ;
    %vpi_call/w 3 91 "$display", "\012Test 5: -1 \303\227 -1 = +1" {0 0 0};
    %pushi/vec4 16897, 0, 15;
    %store/vec4 v0x154019040_0, 0, 15;
    %pushi/vec4 16897, 0, 15;
    %store/vec4 v0x1540190d0_0, 0, 15;
    %wait E_0x154004570;
    %wait E_0x154004570;
    %load/vec4 v0x154019420_0;
    %parti/s 1, 14, 5;
    %cmpi/e 0, 0, 1;
    %jmp/0xz  T_2.8, 4;
    %vpi_call/w 3 96 "$display", "  PASS: sign = 0" {0 0 0};
    %jmp T_2.9;
T_2.8 ;
    %vpi_call/w 3 97 "$display", "  FAIL: sign = %b", &PV<v0x154019420_0, 14, 1> {0 0 0};
T_2.9 ;
    %vpi_call/w 3 100 "$display", "\012Test 6: 2 \303\227 2 = 4" {0 0 0};
    %pushi/vec4 514, 0, 15;
    %store/vec4 v0x154019040_0, 0, 15;
    %pushi/vec4 514, 0, 15;
    %store/vec4 v0x1540190d0_0, 0, 15;
    %wait E_0x154004570;
    %wait E_0x154004570;
    %load/vec4 v0x154019420_0;
    %parti/s 1, 14, 5;
    %cmpi/e 0, 0, 1;
    %jmp/0xz  T_2.10, 4;
    %vpi_call/w 3 105 "$display", "  PASS: sign = 0" {0 0 0};
    %jmp T_2.11;
T_2.10 ;
    %vpi_call/w 3 106 "$display", "  FAIL: sign = %b", &PV<v0x154019420_0, 14, 1> {0 0 0};
T_2.11 ;
    %delay 50000, 0;
    %vpi_call/w 3 110 "$display", "\012\012========================================" {0 0 0};
    %vpi_call/w 3 111 "$display", "  Test Summary" {0 0 0};
    %vpi_call/w 3 112 "$display", "========================================" {0 0 0};
    %pushi/vec4 6, 0, 32;
    %load/vec4 v0x154018fb0_0;
    %sub;
    %vpi_call/w 3 113 "$display", "Tests Passed: %0d", S<0,vec4,s32> {1 0 0};
    %vpi_call/w 3 114 "$display", "Tests Failed: %0d", v0x154018fb0_0 {0 0 0};
    %load/vec4 v0x154018fb0_0;
    %cmpi/e 0, 0, 32;
    %jmp/0xz  T_2.12, 4;
    %vpi_call/w 3 116 "$display", "  *** ALL TESTS PASSED ***\012" {0 0 0};
    %jmp T_2.13;
T_2.12 ;
    %vpi_call/w 3 118 "$display", "  *** %0d TEST(S) FAILED ***\012", v0x154018fb0_0 {0 0 0};
T_2.13 ;
    %delay 100000, 0;
    %vpi_call/w 3 122 "$finish" {0 0 0};
    %end;
    .thread T_2;
# The file index is used to find the file name in the following table.
:file_names 5;
    "N/A";
    "<interactive>";
    "-";
    "tb/gf16_multiplier_tb.v";
    "gf16_multiplier.v";
