#! /opt/homebrew/Cellar/icarus-verilog/12.0/bin/vvp
:ivl_version "12.0 (stable)";
:ivl_delay_selection "TYPICAL";
:vpi_time_precision - 12;
:vpi_module "/opt/homebrew/Cellar/icarus-verilog/12.0/lib/ivl/system.vpi";
:vpi_module "/opt/homebrew/Cellar/icarus-verilog/12.0/lib/ivl/vhdl_sys.vpi";
:vpi_module "/opt/homebrew/Cellar/icarus-verilog/12.0/lib/ivl/vhdl_textio.vpi";
:vpi_module "/opt/homebrew/Cellar/icarus-verilog/12.0/lib/ivl/v2005_math.vpi";
:vpi_module "/opt/homebrew/Cellar/icarus-verilog/12.0/lib/ivl/va_math.vpi";
S_0x11df054f0 .scope module, "uart_echo_tb" "uart_echo_tb" 2 12;
 .timescale -9 -12;
v0x600001ef8c60_0 .var/i "bit_index", 31 0;
v0x600001ef8cf0_0 .var "clk", 0 0;
v0x600001ef8d80_0 .net "led", 0 0, L_0x6000007f8690;  1 drivers
v0x600001ef8e10_0 .var "test_data", 31 0;
v0x600001ef8ea0_0 .var "uart_rx", 0 0;
v0x600001ef8f30_0 .net "uart_tx", 0 0, L_0x600001df8000;  1 drivers
E_0x6000039f83c0 .event negedge, v0x600001ef8120_0;
E_0x6000039f8400 .event posedge, v0x600001ef8120_0;
E_0x6000039f8440 .event posedge, v0x600001ef8ab0_0;
S_0x11df05660 .scope module, "dut" "uart_echo_top" 2 22, 3 16 0, S_0x11df054f0;
 .timescale 0 0;
    .port_info 0 /INPUT 1 "clk";
    .port_info 1 /INPUT 1 "uart_rx";
    .port_info 2 /OUTPUT 1 "uart_tx";
    .port_info 3 /OUTPUT 1 "led";
P_0x6000002fc080 .param/l "CLK_DIV" 1 3 24, +C4<00000000000000000000000110110010>;
P_0x6000002fc0c0 .param/l "HALF_DIV" 1 3 25, +C4<00000000000000000000000011011001>;
L_0x6000007f8690 .functor NOT 1, v0x600001ef8240_0, C4<0>, C4<0>, C4<0>;
v0x600001ef8090_0 .net "clk", 0 0, v0x600001ef8cf0_0;  1 drivers
v0x600001ef8120_0 .net "led", 0 0, L_0x6000007f8690;  alias, 1 drivers
v0x600001ef81b0_0 .var "led_cnt", 23 0;
v0x600001ef8240_0 .var "led_on", 0 0;
v0x600001ef82d0_0 .var "rx_bit", 3 0;
v0x600001ef8360_0 .var "rx_byte", 7 0;
v0x600001ef83f0_0 .var "rx_cnt", 15 0;
v0x600001ef8480_0 .var "rx_shift", 7 0;
v0x600001ef8510_0 .var "rx_sync1", 0 0;
v0x600001ef85a0_0 .var "rx_sync2", 0 0;
v0x600001ef8630_0 .var "rx_valid", 0 0;
v0x600001ef86c0_0 .var "tx_bit", 3 0;
v0x600001ef8750_0 .var "tx_byte", 7 0;
v0x600001ef87e0_0 .var "tx_cnt", 15 0;
v0x600001ef8870_0 .var "tx_ready", 0 0;
v0x600001ef8900_0 .var "tx_shift", 9 0;
v0x600001ef8990_0 .var "tx_start", 0 0;
v0x600001ef8a20_0 .net "uart_rx", 0 0, v0x600001ef8ea0_0;  1 drivers
v0x600001ef8ab0_0 .net "uart_tx", 0 0, L_0x600001df8000;  alias, 1 drivers
E_0x6000039f8500 .event posedge, v0x600001ef8090_0;
L_0x600001df8000 .part v0x600001ef8900_0, 0, 1;
S_0x11df05800 .scope task, "send_uart_byte" "send_uart_byte" 2 77, 2 77 0, S_0x11df054f0;
 .timescale -9 -12;
v0x600001ef8b40_0 .var "byte_to_send", 7 0;
v0x600001ef8bd0_0 .var "data_byte", 7 0;
TD_uart_echo_tb.send_uart_byte ;
    %load/vec4 v0x600001ef8bd0_0;
    %store/vec4 v0x600001ef8b40_0, 0, 8;
    %vpi_call 2 83 "$display", "[TX] Sending: 0x%02h ('%c)", v0x600001ef8b40_0, v0x600001ef8b40_0 {0 0 0};
    %pushi/vec4 0, 0, 1;
    %store/vec4 v0x600001ef8ea0_0, 0, 1;
    %delay 434000, 0;
    %pushi/vec4 0, 0, 32;
    %store/vec4 v0x600001ef8c60_0, 0, 32;
T_0.0 ;
    %load/vec4 v0x600001ef8c60_0;
    %cmpi/s 8, 0, 32;
    %jmp/0xz T_0.1, 5;
    %load/vec4 v0x600001ef8b40_0;
    %load/vec4 v0x600001ef8c60_0;
    %part/s 1;
    %store/vec4 v0x600001ef8ea0_0, 0, 1;
    %delay 434000, 0;
    %load/vec4 v0x600001ef8c60_0;
    %addi 1, 0, 32;
    %store/vec4 v0x600001ef8c60_0, 0, 32;
    %jmp T_0.0;
T_0.1 ;
    %pushi/vec4 1, 0, 1;
    %store/vec4 v0x600001ef8ea0_0, 0, 1;
    %delay 434000, 0;
    %vpi_call 2 99 "$display", "[TX] Byte complete" {0 0 0};
    %end;
    .scope S_0x11df05660;
T_1 ;
    %pushi/vec4 0, 0, 16;
    %store/vec4 v0x600001ef83f0_0, 0, 16;
    %pushi/vec4 0, 0, 4;
    %store/vec4 v0x600001ef82d0_0, 0, 4;
    %pushi/vec4 0, 0, 8;
    %store/vec4 v0x600001ef8480_0, 0, 8;
    %pushi/vec4 0, 0, 8;
    %store/vec4 v0x600001ef8360_0, 0, 8;
    %pushi/vec4 0, 0, 1;
    %store/vec4 v0x600001ef8630_0, 0, 1;
    %pushi/vec4 1, 0, 1;
    %store/vec4 v0x600001ef8510_0, 0, 1;
    %pushi/vec4 1, 0, 1;
    %store/vec4 v0x600001ef85a0_0, 0, 1;
    %pushi/vec4 0, 0, 16;
    %store/vec4 v0x600001ef87e0_0, 0, 16;
    %pushi/vec4 0, 0, 4;
    %store/vec4 v0x600001ef86c0_0, 0, 4;
    %pushi/vec4 1023, 0, 10;
    %store/vec4 v0x600001ef8900_0, 0, 10;
    %pushi/vec4 1, 0, 1;
    %store/vec4 v0x600001ef8870_0, 0, 1;
    %pushi/vec4 0, 0, 8;
    %store/vec4 v0x600001ef8750_0, 0, 8;
    %pushi/vec4 0, 0, 1;
    %store/vec4 v0x600001ef8990_0, 0, 1;
    %pushi/vec4 0, 0, 24;
    %store/vec4 v0x600001ef81b0_0, 0, 24;
    %pushi/vec4 0, 0, 1;
    %store/vec4 v0x600001ef8240_0, 0, 1;
    %end;
    .thread T_1;
    .scope S_0x11df05660;
T_2 ;
    %wait E_0x6000039f8500;
    %load/vec4 v0x600001ef8a20_0;
    %assign/vec4 v0x600001ef8510_0, 0;
    %load/vec4 v0x600001ef8510_0;
    %assign/vec4 v0x600001ef85a0_0, 0;
    %jmp T_2;
    .thread T_2;
    .scope S_0x11df05660;
T_3 ;
    %wait E_0x6000039f8500;
    %pushi/vec4 0, 0, 1;
    %assign/vec4 v0x600001ef8630_0, 0;
    %load/vec4 v0x600001ef82d0_0;
    %pad/u 32;
    %cmpi/e 0, 0, 32;
    %jmp/0xz  T_3.0, 4;
    %load/vec4 v0x600001ef85a0_0;
    %pad/u 32;
    %cmpi/e 0, 0, 32;
    %jmp/0xz  T_3.2, 4;
    %pushi/vec4 1, 0, 4;
    %assign/vec4 v0x600001ef82d0_0, 0;
    %pushi/vec4 217, 0, 16;
    %assign/vec4 v0x600001ef83f0_0, 0;
T_3.2 ;
    %jmp T_3.1;
T_3.0 ;
    %load/vec4 v0x600001ef83f0_0;
    %pad/u 32;
    %cmpi/e 0, 0, 32;
    %jmp/0xz  T_3.4, 4;
    %pushi/vec4 434, 0, 16;
    %assign/vec4 v0x600001ef83f0_0, 0;
    %load/vec4 v0x600001ef82d0_0;
    %pad/u 32;
    %cmpi/e 1, 0, 32;
    %jmp/0xz  T_3.6, 4;
    %load/vec4 v0x600001ef85a0_0;
    %pad/u 32;
    %cmpi/e 0, 0, 32;
    %jmp/0xz  T_3.8, 4;
    %pushi/vec4 2, 0, 4;
    %assign/vec4 v0x600001ef82d0_0, 0;
    %jmp T_3.9;
T_3.8 ;
    %pushi/vec4 0, 0, 4;
    %assign/vec4 v0x600001ef82d0_0, 0;
T_3.9 ;
    %jmp T_3.7;
T_3.6 ;
    %load/vec4 v0x600001ef82d0_0;
    %pad/u 32;
    %cmpi/u 2, 0, 32;
    %flag_inv 5; GE is !LT
    %flag_get/vec4 5;
    %jmp/0 T_3.12, 5;
    %load/vec4 v0x600001ef82d0_0;
    %pad/u 32;
    %cmpi/u 9, 0, 32;
    %flag_get/vec4 4;
    %flag_get/vec4 5;
    %or;
    %and;
T_3.12;
    %flag_set/vec4 8;
    %jmp/0xz  T_3.10, 8;
    %load/vec4 v0x600001ef85a0_0;
    %load/vec4 v0x600001ef8480_0;
    %parti/s 7, 1, 2;
    %concat/vec4; draw_concat_vec4
    %assign/vec4 v0x600001ef8480_0, 0;
    %load/vec4 v0x600001ef82d0_0;
    %addi 1, 0, 4;
    %assign/vec4 v0x600001ef82d0_0, 0;
    %jmp T_3.11;
T_3.10 ;
    %load/vec4 v0x600001ef8480_0;
    %assign/vec4 v0x600001ef8360_0, 0;
    %pushi/vec4 1, 0, 1;
    %assign/vec4 v0x600001ef8630_0, 0;
    %pushi/vec4 0, 0, 4;
    %assign/vec4 v0x600001ef82d0_0, 0;
T_3.11 ;
T_3.7 ;
    %jmp T_3.5;
T_3.4 ;
    %load/vec4 v0x600001ef83f0_0;
    %subi 1, 0, 16;
    %assign/vec4 v0x600001ef83f0_0, 0;
T_3.5 ;
T_3.1 ;
    %jmp T_3;
    .thread T_3;
    .scope S_0x11df05660;
T_4 ;
    %wait E_0x6000039f8500;
    %pushi/vec4 0, 0, 1;
    %assign/vec4 v0x600001ef8990_0, 0;
    %load/vec4 v0x600001ef86c0_0;
    %pad/u 32;
    %cmpi/e 0, 0, 32;
    %jmp/0xz  T_4.0, 4;
    %pushi/vec4 1, 0, 1;
    %assign/vec4 v0x600001ef8870_0, 0;
    %load/vec4 v0x600001ef8990_0;
    %flag_set/vec4 8;
    %jmp/0xz  T_4.2, 8;
    %pushi/vec4 1, 0, 1;
    %load/vec4 v0x600001ef8750_0;
    %concat/vec4; draw_concat_vec4
    %concati/vec4 0, 0, 1;
    %assign/vec4 v0x600001ef8900_0, 0;
    %pushi/vec4 1, 0, 4;
    %assign/vec4 v0x600001ef86c0_0, 0;
    %pushi/vec4 434, 0, 16;
    %assign/vec4 v0x600001ef87e0_0, 0;
    %pushi/vec4 0, 0, 1;
    %assign/vec4 v0x600001ef8870_0, 0;
T_4.2 ;
    %jmp T_4.1;
T_4.0 ;
    %load/vec4 v0x600001ef87e0_0;
    %pad/u 32;
    %cmpi/e 0, 0, 32;
    %jmp/0xz  T_4.4, 4;
    %pushi/vec4 434, 0, 16;
    %assign/vec4 v0x600001ef87e0_0, 0;
    %pushi/vec4 1, 0, 1;
    %load/vec4 v0x600001ef8900_0;
    %parti/s 9, 1, 2;
    %concat/vec4; draw_concat_vec4
    %assign/vec4 v0x600001ef8900_0, 0;
    %load/vec4 v0x600001ef86c0_0;
    %pad/u 32;
    %cmpi/e 10, 0, 32;
    %jmp/0xz  T_4.6, 4;
    %pushi/vec4 0, 0, 4;
    %assign/vec4 v0x600001ef86c0_0, 0;
    %jmp T_4.7;
T_4.6 ;
    %load/vec4 v0x600001ef86c0_0;
    %addi 1, 0, 4;
    %assign/vec4 v0x600001ef86c0_0, 0;
T_4.7 ;
    %jmp T_4.5;
T_4.4 ;
    %load/vec4 v0x600001ef87e0_0;
    %subi 1, 0, 16;
    %assign/vec4 v0x600001ef87e0_0, 0;
T_4.5 ;
T_4.1 ;
    %jmp T_4;
    .thread T_4;
    .scope S_0x11df05660;
T_5 ;
    %wait E_0x6000039f8500;
    %load/vec4 v0x600001ef8630_0;
    %flag_set/vec4 9;
    %flag_get/vec4 9;
    %jmp/0 T_5.2, 9;
    %load/vec4 v0x600001ef8870_0;
    %and;
T_5.2;
    %flag_set/vec4 8;
    %jmp/0xz  T_5.0, 8;
    %load/vec4 v0x600001ef8360_0;
    %cmpi/e 3, 0, 8;
    %jmp/0xz  T_5.3, 4;
    %pushi/vec4 131, 0, 8;
    %assign/vec4 v0x600001ef8750_0, 0;
    %jmp T_5.4;
T_5.3 ;
    %load/vec4 v0x600001ef8360_0;
    %assign/vec4 v0x600001ef8750_0, 0;
T_5.4 ;
    %pushi/vec4 1, 0, 1;
    %assign/vec4 v0x600001ef8990_0, 0;
T_5.0 ;
    %jmp T_5;
    .thread T_5;
    .scope S_0x11df05660;
T_6 ;
    %wait E_0x6000039f8500;
    %load/vec4 v0x600001ef8630_0;
    %flag_set/vec4 8;
    %jmp/0xz  T_6.0, 8;
    %pushi/vec4 1, 0, 1;
    %assign/vec4 v0x600001ef8240_0, 0;
    %pushi/vec4 5000000, 0, 24;
    %assign/vec4 v0x600001ef81b0_0, 0;
    %jmp T_6.1;
T_6.0 ;
    %load/vec4 v0x600001ef81b0_0;
    %pad/u 32;
    %cmpi/u 0, 0, 32;
    %flag_or 5, 4; GT is !LE
    %flag_inv 5;
    %jmp/0xz  T_6.2, 5;
    %load/vec4 v0x600001ef81b0_0;
    %subi 1, 0, 24;
    %assign/vec4 v0x600001ef81b0_0, 0;
    %jmp T_6.3;
T_6.2 ;
    %pushi/vec4 0, 0, 1;
    %assign/vec4 v0x600001ef8240_0, 0;
T_6.3 ;
T_6.1 ;
    %jmp T_6;
    .thread T_6;
    .scope S_0x11df054f0;
T_7 ;
    %pushi/vec4 0, 0, 1;
    %store/vec4 v0x600001ef8cf0_0, 0, 1;
    %pushi/vec4 1, 0, 1;
    %store/vec4 v0x600001ef8ea0_0, 0, 1;
    %end;
    .thread T_7;
    .scope S_0x11df054f0;
T_8 ;
T_8.0 ;
    %delay 10000, 0;
    %load/vec4 v0x600001ef8cf0_0;
    %inv;
    %store/vec4 v0x600001ef8cf0_0, 0, 1;
    %jmp T_8.0;
    %end;
    .thread T_8;
    .scope S_0x11df054f0;
T_9 ;
    %vpi_call 2 35 "$dumpfile", "uart_echo_tb.vcd" {0 0 0};
    %vpi_call 2 36 "$dumpvars", 32'sb00000000000000000000000000000000, S_0x11df05660 {0 0 0};
    %vpi_call 2 37 "$display", "=== UART Echo Testbench ===" {0 0 0};
    %vpi_call 2 38 "$display", "Clock: 50 MHz (20 ns period)" {0 0 0};
    %vpi_call 2 39 "$display", "Baud: 115200 (8680 ns per bit)" {0 0 0};
    %vpi_call 2 40 "$display" {0 0 0};
    %delay 1000000, 0;
    %vpi_call 2 44 "$display", "[TEST] Starting..." {0 0 0};
    %pushi/vec4 65, 0, 32;
    %store/vec4 v0x600001ef8e10_0, 0, 32;
    %load/vec4 v0x600001ef8e10_0;
    %pad/u 8;
    %store/vec4 v0x600001ef8bd0_0, 0, 8;
    %fork TD_uart_echo_tb.send_uart_byte, S_0x11df05800;
    %join;
    %delay 1000000000, 0;
    %pushi/vec4 85, 0, 32;
    %store/vec4 v0x600001ef8e10_0, 0, 32;
    %load/vec4 v0x600001ef8e10_0;
    %pad/u 8;
    %store/vec4 v0x600001ef8bd0_0, 0, 8;
    %fork TD_uart_echo_tb.send_uart_byte, S_0x11df05800;
    %join;
    %delay 1000000000, 0;
    %pushi/vec4 170, 0, 32;
    %store/vec4 v0x600001ef8e10_0, 0, 32;
    %load/vec4 v0x600001ef8e10_0;
    %pad/u 8;
    %store/vec4 v0x600001ef8bd0_0, 0, 8;
    %fork TD_uart_echo_tb.send_uart_byte, S_0x11df05800;
    %join;
    %delay 1000000000, 0;
    %pushi/vec4 0, 0, 32;
    %store/vec4 v0x600001ef8e10_0, 0, 32;
    %load/vec4 v0x600001ef8e10_0;
    %pad/u 8;
    %store/vec4 v0x600001ef8bd0_0, 0, 8;
    %fork TD_uart_echo_tb.send_uart_byte, S_0x11df05800;
    %join;
    %delay 1000000000, 0;
    %pushi/vec4 255, 0, 32;
    %store/vec4 v0x600001ef8e10_0, 0, 32;
    %load/vec4 v0x600001ef8e10_0;
    %pad/u 8;
    %store/vec4 v0x600001ef8bd0_0, 0, 8;
    %fork TD_uart_echo_tb.send_uart_byte, S_0x11df05800;
    %join;
    %delay 1000000000, 0;
    %vpi_call 2 71 "$display" {0 0 0};
    %vpi_call 2 72 "$display", "[TEST] All tests completed" {0 0 0};
    %vpi_call 2 73 "$finish" {0 0 0};
    %end;
    .thread T_9;
    .scope S_0x11df054f0;
T_10 ;
    %wait E_0x6000039f8440;
    %vpi_func 2 105 "$time" 64 {0 0 0};
    %cmpi/u 1000, 0, 64;
    %flag_or 5, 4; GT is !LE
    %flag_inv 5;
    %jmp/0xz  T_10.0, 5;
    %vpi_call 2 106 "$display", "[RX] Line changed to %b at time %0t", v0x600001ef8f30_0, $time {0 0 0};
T_10.0 ;
    %jmp T_10;
    .thread T_10;
    .scope S_0x11df054f0;
T_11 ;
    %wait E_0x6000039f8400;
    %vpi_func 2 112 "$time" 64 {0 0 0};
    %cmpi/u 1000, 0, 64;
    %flag_or 5, 4; GT is !LE
    %flag_inv 5;
    %jmp/0xz  T_11.0, 5;
    %vpi_call 2 113 "$display", "[LED] ON at time %0t", $time {0 0 0};
T_11.0 ;
    %jmp T_11;
    .thread T_11;
    .scope S_0x11df054f0;
T_12 ;
    %wait E_0x6000039f83c0;
    %vpi_func 2 118 "$time" 64 {0 0 0};
    %cmpi/u 1000, 0, 64;
    %flag_or 5, 4; GT is !LE
    %flag_inv 5;
    %jmp/0xz  T_12.0, 5;
    %vpi_call 2 119 "$display", "[LED] OFF at time %0t", $time {0 0 0};
T_12.0 ;
    %jmp T_12;
    .thread T_12;
# The file index is used to find the file name in the following table.
:file_names 4;
    "N/A";
    "<interactive>";
    "uart_echo_tb.v";
    "uart_echo_top.v";
