\BOOKMARK [0][-]{section*.2}{\376\377\000T\000R\000I\000N\000I\000T\000Y\000:\000\040\0002\000\040\000+\000\040\000-\0002\000\040\000=\000\040\0003\000\040\000a\000s\000\040\000a\000\040\000F\000u\000n\000d\000a\000m\000e\000n\000t\000a\000l\000\040\000I\000d\000e\000n\000t\000i\000t\000y\000\040\000a\000n\000d\000\040\000a\000\040\000P\000a\000r\000a\000m\000e\000t\000r\000i\000c\000\040\000A\000n\000s\000a\000t\000z\000\040\000f\000o\000r\000\040\000P\000h\000y\000s\000i\000c\000a\000l\000\040\000C\000o\000n\000s\000t\000a\000n\000t\000s}{}% 2
\BOOKMARK [1][-]{section*.1}{\376\377\000A\000b\000s\000t\000r\000a\000c\000t}{section*.2}% 1
\BOOKMARK [1][-]{section*.3}{\376\377\000I\000n\000t\000r\000o\000d\000u\000c\000t\000i\000o\000n}{section*.2}% 3
\BOOKMARK [2][-]{section*.4}{\376\377\000T\000h\000e\000\040\000G\000o\000l\000d\000e\000n\000\040\000R\000a\000t\000i\000o\000\040\000i\000n\000\040\000P\000h\000y\000s\000i\000c\000s}{section*.3}% 4
\BOOKMARK [2][-]{section*.5}{\376\377\000R\000e\000l\000a\000t\000e\000d\000\040\000W\000o\000r\000k}{section*.3}% 5
\BOOKMARK [1][-]{section*.6}{\376\377\000M\000a\000t\000h\000e\000m\000a\000t\000i\000c\000a\000l\000\040\000F\000o\000u\000n\000d\000a\000t\000i\000o\000n\000s}{section*.2}% 6
\BOOKMARK [2][-]{section*.7}{\376\377\000T\000h\000e\000\040\000T\000R\000I\000N\000I\000T\000Y\000\040\000I\000d\000e\000n\000t\000i\000t\000y}{section*.6}% 7
\BOOKMARK [2][-]{section*.10}{\376\377\000G\000e\000n\000e\000r\000a\000l\000i\000z\000a\000t\000i\000o\000n\000:\000\040\000L\000u\000c\000a\000s\000\040\000N\000u\000m\000b\000e\000r\000s\000\040\000a\000n\000d\000\040\000C\000h\000e\000b\000y\000s\000h\000e\000v\000\040\000P\000o\000l\000y\000n\000o\000m\000i\000a\000l\000s}{section*.6}% 8
\BOOKMARK [2][-]{section*.11}{\376\377\000T\000h\000e\000\040\000T\000R\000I\000N\000I\000T\000Y\000\040\000P\000a\000r\000a\000m\000e\000t\000r\000i\000c\000\040\000A\000n\000s\000a\000t\000z}{section*.6}% 9
\BOOKMARK [2][-]{section*.12}{\376\377\000A\000l\000g\000e\000b\000r\000a\000i\000c\000\040\000C\000o\000n\000n\000e\000c\000t\000i\000o\000n\000\040\000t\000o\000\040\000t\000h\000e\000\040\000K\000o\000i\000d\000e\000\040\000F\000o\000r\000m\000u\000l\000a}{section*.6}% 10
\BOOKMARK [1][-]{section*.13}{\376\377\000E\000x\000t\000e\000n\000d\000e\000d\000\040\000M\000a\000t\000h\000e\000m\000a\000t\000i\000c\000a\000l\000\040\000F\000r\000a\000m\000e\000w\000o\000r\000k}{section*.2}% 11
\BOOKMARK [2][-]{section*.14}{\376\377\000V\000S\000A\000\040\000A\000l\000g\000e\000b\000r\000a\000i\000c\000\040\000S\000t\000r\000u\000c\000t\000u\000r\000e}{section*.13}% 12
\BOOKMARK [2][-]{section*.15}{\376\377\000C\000o\000n\000c\000e\000n\000t\000r\000a\000t\000i\000o\000n\000\040\000o\000f\000\040\000M\000e\000a\000s\000u\000r\000e}{section*.13}% 13
\BOOKMARK [2][-]{section*.16}{\376\377\000T\000o\000p\000o\000l\000o\000g\000i\000c\000a\000l\000\040\000C\000o\000n\000n\000e\000c\000t\000i\000o\000n\000s}{section*.13}% 14
\BOOKMARK [2][-]{section*.17}{\376\377\000Q\000u\000a\000n\000t\000u\000m\000\040\000G\000r\000a\000v\000i\000t\000y\000\040\000I\000n\000s\000i\000g\000h\000t\000s}{section*.13}% 15
\BOOKMARK [2][-]{section*.18}{\376\377\000M\000u\000s\000i\000c\000a\000l\000\040\000a\000n\000d\000\040\000N\000u\000m\000e\000r\000o\000l\000o\000g\000i\000c\000a\000l\000\040\000C\000o\000n\000n\000e\000c\000t\000i\000o\000n\000s}{section*.13}% 16
\BOOKMARK [1][-]{section*.19}{\376\377\000V\000a\000l\000i\000d\000a\000t\000i\000o\000n\000\040\000o\000n\000\040\000M\000e\000a\000s\000u\000r\000e\000d\000\040\000C\000o\000n\000s\000t\000a\000n\000t\000s}{section*.2}% 17
\BOOKMARK [2][-]{section*.20}{\376\377\000P\000a\000r\000t\000i\000c\000l\000e\000\040\000P\000h\000y\000s\000i\000c\000s}{section*.19}% 18
\BOOKMARK [2][-]{section*.21}{\376\377\000C\000o\000s\000m\000o\000l\000o\000g\000i\000c\000a\000l\000\040\000P\000a\000r\000a\000m\000e\000t\000e\000r\000s}{section*.19}% 19
\BOOKMARK [2][-]{section*.22}{\376\377\000Q\000u\000a\000n\000t\000u\000m\000,\000\040\000M\000a\000t\000h\000e\000m\000a\000t\000i\000c\000a\000l\000,\000\040\000N\000e\000u\000t\000r\000i\000n\000o\000,\000\040\000a\000n\000d\000\040\000N\000u\000c\000l\000e\000a\000r\000\040\000C\000o\000n\000s\000t\000a\000n\000t\000s}{section*.19}% 20
\BOOKMARK [2][-]{section*.23}{\376\377\000S\000t\000a\000t\000i\000s\000t\000i\000c\000a\000l\000\040\000S\000u\000m\000m\000a\000r\000y}{section*.19}% 21
\BOOKMARK [1][-]{section*.24}{\376\377\000O\000v\000e\000r\000f\000i\000t\000t\000i\000n\000g\000\040\000A\000n\000a\000l\000y\000s\000i\000s}{section*.2}% 22
\BOOKMARK [2][-]{section*.25}{\376\377\000D\000e\000n\000s\000i\000t\000y\000\040\000T\000h\000e\000o\000r\000e\000m}{section*.24}% 23
\BOOKMARK [2][-]{section*.26}{\376\377\000H\000o\000n\000e\000s\000t\000\040\000A\000s\000s\000e\000s\000s\000m\000e\000n\000t}{section*.24}% 24
\BOOKMARK [1][-]{section*.27}{\376\377\000T\000i\000m\000e\000s\000t\000a\000m\000p\000e\000d\000\040\000P\000r\000e\000d\000i\000c\000t\000i\000o\000n\000s}{section*.2}% 25
\BOOKMARK [1][-]{section*.28}{\376\377\000D\000i\000s\000c\000u\000s\000s\000i\000o\000n}{section*.2}% 26
\BOOKMARK [2][-]{section*.29}{\376\377\000S\000t\000r\000e\000n\000g\000t\000h\000s}{section*.28}% 27
\BOOKMARK [2][-]{section*.30}{\376\377\000L\000i\000m\000i\000t\000a\000t\000i\000o\000n\000s}{section*.28}% 28
\BOOKMARK [2][-]{section*.31}{\376\377\000F\000u\000t\000u\000r\000e\000\040\000D\000i\000r\000e\000c\000t\000i\000o\000n\000s}{section*.28}% 29
\BOOKMARK [1][-]{section*.32}{\376\377\000M\000e\000t\000h\000o\000d\000s}{section*.2}% 30
\BOOKMARK [2][-]{section*.33}{\376\377\000V\000a\000l\000i\000d\000a\000t\000i\000o\000n\000\040\000P\000r\000o\000t\000o\000c\000o\000l}{section*.32}% 31
\BOOKMARK [2][-]{section*.34}{\376\377\000T\000i\000m\000e\000s\000t\000a\000m\000p\000i\000n\000g\000\040\000P\000r\000o\000t\000o\000c\000o\000l}{section*.32}% 32
\BOOKMARK [1][-]{section*.35}{\376\377\000C\000o\000n\000c\000l\000u\000s\000i\000o\000n}{section*.2}% 33
\BOOKMARK [1][-]{section*.36}{\376\377\000A\000c\000k\000n\000o\000w\000l\000e\000d\000g\000m\000e\000n\000t\000s}{section*.2}% 34
\BOOKMARK [1][-]{section*.37}{\376\377\000R\000e\000f\000e\000r\000e\000n\000c\000e\000s}{section*.2}% 35
\BOOKMARK [1][-]{section*.38}{\376\377\000R\000e\000p\000r\000o\000d\000u\000c\000i\000b\000i\000l\000i\000t\000y\000\040\000C\000o\000d\000e}{section*.2}% 36
\BOOKMARK [1][-]{section*.39}{\376\377\000R\000e\000g\000i\000s\000t\000r\000y}{section*.2}% 37
